GET /contacts 16-07-2022_12:15:43
GET /products 16-07-2022_12:30:16
GET /products 16-07-2022_12:31:08
GET /contacts 16-07-2022_12:54:38
GET /contacts 16-07-2022_12:54:57
GET /contacts 16-07-2022_12:55:10
GET /contacts 16-07-2022_01:36:15
GET /api/contacts 16-07-2022_01:36:24
GET /api/contacts 16-07-2022_01:37:01
GET /api/contacts 16-07-2022_01:37:17
GET /api/contacts 16-07-2022_01:37:20
GET /products 16-07-2022_01:38:59
GET /api/contacts 16-07-2022_01:39:11
GET /api/sffsdfsdf 16-07-2022_01:40:47
GET /api/sffsdfsdf 16-07-2022_01:42:40
GET /api/cotacts 16-07-2022_05:43:26
GET /api/contacts 16-07-2022_05:43:47
GET /api/conacts 16-07-2022_05:44:06
GET /api/coacts 16-07-2022_05:44:16
GET /api/coacts 16-07-2022_05:44:22
GET /api/contacts 16-07-2022_05:44:37
GET / 16-07-2022_08:10:54
GET /contacts 16-07-2022_08:11:37
GET /contacts 16-07-2022_08:11:43
GET / 16-07-2022_08:12:09
GET / 16-07-2022_08:12:13
GET / 16-07-2022_08:12:20
GET /api/contacts 16-07-2022_08:12:55
GET / 17-07-2022_11:35:51
GET /favicon.ico 17-07-2022_11:35:51
GET /api/contacts 17-07-2022_11:35:56
GET / 17-07-2022_01:32:15
GET /api/contacts 17-07-2022_01:32:32
GET / 17-07-2022_01:32:47
GET / 17-07-2022_01:34:31
GET /api/contacts 17-07-2022_01:34:36
GET / 17-07-2022_01:34:56
GET /api/contacts 17-07-2022_01:35:07
GET /api/contacts 17-07-2022_01:35:26
GET /api/contacts 17-07-2022_01:35:53
GET /api/contacts 17-07-2022_01:35:55
GET /api/contacts 17-07-2022_01:36:47
GET /api/contacts 17-07-2022_01:36:49
GET /api/contacts 17-07-2022_01:36:50
GET /api/contacts 17-07-2022_01:36:51
GET /api/contacts 17-07-2022_01:54:13
GET / 17-07-2022_01:54:18